<?xml version="1.0" encoding="UTF-8"?>
<testsuite name="com.simplecachestorage.AppTest" tests="1" skipped="0" failures="0" errors="0" timestamp="2025-02-01T21:01:58" hostname="C02FP6R7ML85" time="0.041">
  <properties/>
  <testcase name="testApp()" classname="com.simplecachestorage.AppTest" time="0.041"/>
  <system-out><![CDATA[]]></system-out>
  <system-err><![CDATA[]]></system-err>
</testsuite>
